

*******************************************************************************
Mon May 17 11:56:23 2021


FIT:    data read from '2021-01-25-ha.dat' using 3:2
        format = x:z
        x range restricted to [1.88000e+007 : 1.95000e+007]
        #datapoints = 79
        residuals are weighted equally (unit weight)

function used for fitting: f(x)
	f(x) = a * x + b
fitted parameters initialized with current variable values

iter      chisq       delta/lim  lambda   a             b            
   0 2.9697413373e+16  0.00e+00 1.37e+07  1.000000e+00  1.000000e+00
   4 1.7795951084e+01 -1.12e-05 1.37e+03 -4.995107e-08  9.999999e-01

After 4 iterations the fit converged.
final sum of squares of residuals : 17.796
rel. change during last iteration : -1.11526e-010

degrees of freedom    (FIT_NDF)                        : 77
rms of residuals      (FIT_STDFIT) = sqrt(WSSR/ndf)    : 0.480746
variance of residuals (reduced chisquare) = WSSR/ndf   : 0.231116

Final set of parameters            Asymptotic Standard Error
=======================            ==========================
a               = -4.99511e-008    +/- 2.942e-007   (588.9%)
b               = 1                +/- 5.704        (570.4%)

correlation matrix of the fit parameters:
                a      b      
a               1.000 
b              -1.000  1.000 


*******************************************************************************
Mon May 17 12:21:05 2021


FIT:    data read from '2021-01-25-ha.dat' using 3:4
        format = x:z
        x range restricted to [1.88000e+007 : 1.95000e+007]
        #datapoints = 79
        residuals are weighted equally (unit weight)

function used for fitting: f(x)
	f(x) = a*x + b
BREAK: Need via and either parameter list or file

*******************************************************************************
Mon May 17 12:21:27 2021


FIT:    data read from '2021-01-25-ha.dat' using 3:4
        format = x:z
        x range restricted to [1.88000e+007 : 1.95000e+007]
        #datapoints = 79
        residuals are weighted equally (unit weight)

function used for fitting: f(x)
	f(x) = a*x + b
fitted parameters initialized with current variable values

iter      chisq       delta/lim  lambda   a             b            
   0 7.3269952956e-02  0.00e+00 9.84e-01 -4.995107e-08  9.999999e-01
   6 1.8226527851e-19 -9.69e-01 9.84e-07  1.307424e-10 -2.152784e-10

After 6 iterations the fit converged.
final sum of squares of residuals : 1.82265e-019
rel. change during last iteration : -9.68849e-006

degrees of freedom    (FIT_NDF)                        : 77
rms of residuals      (FIT_STDFIT) = sqrt(WSSR/ndf)    : 4.86527e-011
variance of residuals (reduced chisquare) = WSSR/ndf   : 2.36708e-021

Final set of parameters            Asymptotic Standard Error
=======================            ==========================
a               = 1.30742e-010     +/- 2.977e-017   (2.277e-005%)
b               = -2.15278e-010    +/- 5.772e-010   (268.1%)

correlation matrix of the fit parameters:
                a      b      
a               1.000 
b              -1.000  1.000 


*******************************************************************************
Tue May 18 08:58:22 2021


FIT:    data read from '2021-01-25-ha.dat' using 3:2
        format = x:z
        x range restricted to [1.88000e+007 : 1.95000e+007]
        #datapoints = 79
        residuals are weighted equally (unit weight)

function used for fitting: f(x)
	f(x) = a*x + b
fitted parameters initialized with current variable values

iter      chisq       delta/lim  lambda   a             b            
   0 1.8063121055e+01  0.00e+00 1.79e-03  1.307424e-10 -2.152784e-10
   2 1.7996955059e+01 -1.45e-02 1.79e-05  1.623392e-09 -2.151264e-10

After 2 iterations the fit converged.
final sum of squares of residuals : 17.997
rel. change during last iteration : -1.45426e-007

degrees of freedom    (FIT_NDF)                        : 77
rms of residuals      (FIT_STDFIT) = sqrt(WSSR/ndf)    : 0.483453
variance of residuals (reduced chisquare) = WSSR/ndf   : 0.233727

Final set of parameters            Asymptotic Standard Error
=======================            ==========================
a               = 1.62339e-009     +/- 2.958e-007   (1.822e+004%)
b               = -2.15126e-010    +/- 5.736        (2.666e+012%)

correlation matrix of the fit parameters:
                a      b      
a               1.000 
b              -1.000  1.000 
